INFO - 2023-12-30 03:09:20 --> Session: Class initialized using 'CodeIgniter\Session\Handlers\FileHandler' driver.
INFO - 2023-12-30 03:09:22 --> Session: Class initialized using 'CodeIgniter\Session\Handlers\FileHandler' driver.
INFO - 2023-12-30 03:09:24 --> Session: Class initialized using 'CodeIgniter\Session\Handlers\FileHandler' driver.
INFO - 2023-12-30 03:09:24 --> Session: Class initialized using 'CodeIgniter\Session\Handlers\FileHandler' driver.
INFO - 2023-12-30 03:09:26 --> Session: Class initialized using 'CodeIgniter\Session\Handlers\FileHandler' driver.
CRITICAL - 2023-12-30 03:09:26 --> Undefined index: id_pinjam
in APPPATH\Views\peminjaman\v_pengajuan_masuk.php on line 49.
 1 APPPATH\Views\peminjaman\v_pengajuan_masuk.php(49): CodeIgniter\Debug\Exceptions->errorHandler(8, 'Undefined index: id_pinjam', 'C:\\wamp64\\www\\si-perpustakaan-ci4\\app\\Views\\peminjaman\\v_pengajuan_masuk.php', 49, [...])
 2 SYSTEMPATH\View\View.php(228): include('C:\\wamp64\\www\\si-perpustakaan-ci4\\app\\Views\\peminjaman\\v_pengajuan_masuk.php')
 3 SYSTEMPATH\View\View.php(231): CodeIgniter\View\View->CodeIgniter\View\{closure}()
 4 SYSTEMPATH\Common.php(1190): CodeIgniter\View\View->render('peminjaman/v_pengajuan_masuk', [], true)
 5 APPPATH\Views\v_template_admin.php(315): view('peminjaman/v_pengajuan_masuk')
 6 SYSTEMPATH\View\View.php(228): include('C:\\wamp64\\www\\si-perpustakaan-ci4\\app\\Views\\v_template_admin.php')
 7 SYSTEMPATH\View\View.php(231): CodeIgniter\View\View->CodeIgniter\View\{closure}()
 8 SYSTEMPATH\Common.php(1190): CodeIgniter\View\View->render('v_template_admin', [], true)
 9 APPPATH\Controllers\Admin.php(40): view('v_template_admin', [...])
10 SYSTEMPATH\CodeIgniter.php(942): App\Controllers\Admin->PengajuanMasuk()
11 SYSTEMPATH\CodeIgniter.php(502): CodeIgniter\CodeIgniter->runController(Object(App\Controllers\Admin))
12 SYSTEMPATH\CodeIgniter.php(361): CodeIgniter\CodeIgniter->handleRequest(null, Object(Config\Cache), false)
13 FCPATH\index.php(79): CodeIgniter\CodeIgniter->run()
INFO - 2023-12-30 03:09:40 --> Session: Class initialized using 'CodeIgniter\Session\Handlers\FileHandler' driver.
INFO - 2023-12-30 03:14:39 --> Session: Class initialized using 'CodeIgniter\Session\Handlers\FileHandler' driver.
INFO - 2023-12-30 03:15:03 --> Session: Class initialized using 'CodeIgniter\Session\Handlers\FileHandler' driver.
INFO - 2023-12-30 03:16:18 --> Session: Class initialized using 'CodeIgniter\Session\Handlers\FileHandler' driver.
INFO - 2023-12-30 03:24:33 --> Session: Class initialized using 'CodeIgniter\Session\Handlers\FileHandler' driver.
INFO - 2023-12-30 03:24:49 --> Session: Class initialized using 'CodeIgniter\Session\Handlers\FileHandler' driver.
INFO - 2023-12-30 03:24:49 --> Session: Class initialized using 'CodeIgniter\Session\Handlers\FileHandler' driver.
INFO - 2023-12-30 03:26:02 --> Session: Class initialized using 'CodeIgniter\Session\Handlers\FileHandler' driver.
INFO - 2023-12-30 03:26:17 --> Session: Class initialized using 'CodeIgniter\Session\Handlers\FileHandler' driver.
INFO - 2023-12-30 03:26:17 --> Session: Class initialized using 'CodeIgniter\Session\Handlers\FileHandler' driver.
INFO - 2023-12-30 03:29:48 --> Session: Class initialized using 'CodeIgniter\Session\Handlers\FileHandler' driver.
INFO - 2023-12-30 03:34:11 --> Session: Class initialized using 'CodeIgniter\Session\Handlers\FileHandler' driver.
INFO - 2023-12-30 03:34:20 --> Session: Class initialized using 'CodeIgniter\Session\Handlers\FileHandler' driver.
INFO - 2023-12-30 03:34:20 --> Session: Class initialized using 'CodeIgniter\Session\Handlers\FileHandler' driver.
INFO - 2023-12-30 03:40:12 --> Session: Class initialized using 'CodeIgniter\Session\Handlers\FileHandler' driver.
INFO - 2023-12-30 03:40:14 --> Session: Class initialized using 'CodeIgniter\Session\Handlers\FileHandler' driver.
INFO - 2023-12-30 03:40:14 --> Session: Class initialized using 'CodeIgniter\Session\Handlers\FileHandler' driver.
INFO - 2023-12-30 03:40:17 --> Session: Class initialized using 'CodeIgniter\Session\Handlers\FileHandler' driver.
INFO - 2023-12-30 03:40:18 --> Session: Class initialized using 'CodeIgniter\Session\Handlers\FileHandler' driver.
INFO - 2023-12-30 03:44:53 --> Session: Class initialized using 'CodeIgniter\Session\Handlers\FileHandler' driver.
INFO - 2023-12-30 03:44:55 --> Session: Class initialized using 'CodeIgniter\Session\Handlers\FileHandler' driver.
INFO - 2023-12-30 03:44:56 --> Session: Class initialized using 'CodeIgniter\Session\Handlers\FileHandler' driver.
INFO - 2023-12-30 03:48:19 --> Session: Class initialized using 'CodeIgniter\Session\Handlers\FileHandler' driver.
INFO - 2023-12-30 03:48:21 --> Session: Class initialized using 'CodeIgniter\Session\Handlers\FileHandler' driver.
CRITICAL - 2023-12-30 03:48:21 --> Undefined variable: pengajuanmasuk
in APPPATH\Views\peminjaman\v_pengajuan_diterima.php on line 26.
 1 APPPATH\Views\peminjaman\v_pengajuan_diterima.php(26): CodeIgniter\Debug\Exceptions->errorHandler(8, 'Undefined variable: pengajuanmasuk', 'C:\\wamp64\\www\\si-perpustakaan-ci4\\app\\Views\\peminjaman\\v_pengajuan_diterima.php', 26, [...])
 2 SYSTEMPATH\View\View.php(228): include('C:\\wamp64\\www\\si-perpustakaan-ci4\\app\\Views\\peminjaman\\v_pengajuan_diterima.php')
 3 SYSTEMPATH\View\View.php(231): CodeIgniter\View\View->CodeIgniter\View\{closure}()
 4 SYSTEMPATH\Common.php(1190): CodeIgniter\View\View->render('peminjaman/v_pengajuan_diterima', [], true)
 5 APPPATH\Views\v_template_admin.php(315): view('peminjaman/v_pengajuan_diterima')
 6 SYSTEMPATH\View\View.php(228): include('C:\\wamp64\\www\\si-perpustakaan-ci4\\app\\Views\\v_template_admin.php')
 7 SYSTEMPATH\View\View.php(231): CodeIgniter\View\View->CodeIgniter\View\{closure}()
 8 SYSTEMPATH\Common.php(1190): CodeIgniter\View\View->render('v_template_admin', [], true)
 9 APPPATH\Controllers\Admin.php(72): view('v_template_admin', [...])
10 SYSTEMPATH\CodeIgniter.php(942): App\Controllers\Admin->PengajuanDiterima()
11 SYSTEMPATH\CodeIgniter.php(502): CodeIgniter\CodeIgniter->runController(Object(App\Controllers\Admin))
12 SYSTEMPATH\CodeIgniter.php(361): CodeIgniter\CodeIgniter->handleRequest(null, Object(Config\Cache), false)
13 FCPATH\index.php(79): CodeIgniter\CodeIgniter->run()
INFO - 2023-12-30 03:49:32 --> Session: Class initialized using 'CodeIgniter\Session\Handlers\FileHandler' driver.
INFO - 2023-12-30 03:49:52 --> Session: Class initialized using 'CodeIgniter\Session\Handlers\FileHandler' driver.
INFO - 2023-12-30 03:51:17 --> Session: Class initialized using 'CodeIgniter\Session\Handlers\FileHandler' driver.
INFO - 2023-12-30 03:53:00 --> Session: Class initialized using 'CodeIgniter\Session\Handlers\FileHandler' driver.
INFO - 2023-12-30 06:22:23 --> Session: Class initialized using 'CodeIgniter\Session\Handlers\FileHandler' driver.
INFO - 2023-12-30 06:22:32 --> Session: Class initialized using 'CodeIgniter\Session\Handlers\FileHandler' driver.
INFO - 2023-12-30 06:22:34 --> Session: Class initialized using 'CodeIgniter\Session\Handlers\FileHandler' driver.
INFO - 2023-12-30 06:22:34 --> Session: Class initialized using 'CodeIgniter\Session\Handlers\FileHandler' driver.
INFO - 2023-12-30 06:22:39 --> Session: Class initialized using 'CodeIgniter\Session\Handlers\FileHandler' driver.
CRITICAL - 2023-12-30 06:22:39 --> Undefined variable: pengajuanditerima
in APPPATH\Views\peminjaman\v_pengajuan_ditolak.php on line 26.
 1 APPPATH\Views\peminjaman\v_pengajuan_ditolak.php(26): CodeIgniter\Debug\Exceptions->errorHandler(8, 'Undefined variable: pengajuanditerima', 'C:\\wamp64\\www\\si-perpustakaan-ci4\\app\\Views\\peminjaman\\v_pengajuan_ditolak.php', 26, [...])
 2 SYSTEMPATH\View\View.php(228): include('C:\\wamp64\\www\\si-perpustakaan-ci4\\app\\Views\\peminjaman\\v_pengajuan_ditolak.php')
 3 SYSTEMPATH\View\View.php(231): CodeIgniter\View\View->CodeIgniter\View\{closure}()
 4 SYSTEMPATH\Common.php(1190): CodeIgniter\View\View->render('peminjaman/v_pengajuan_ditolak', [], true)
 5 APPPATH\Views\v_template_admin.php(315): view('peminjaman/v_pengajuan_ditolak')
 6 SYSTEMPATH\View\View.php(228): include('C:\\wamp64\\www\\si-perpustakaan-ci4\\app\\Views\\v_template_admin.php')
 7 SYSTEMPATH\View\View.php(231): CodeIgniter\View\View->CodeIgniter\View\{closure}()
 8 SYSTEMPATH\Common.php(1190): CodeIgniter\View\View->render('v_template_admin', [], true)
 9 APPPATH\Controllers\Admin.php(83): view('v_template_admin', [...])
10 SYSTEMPATH\CodeIgniter.php(942): App\Controllers\Admin->PengajuanDitolak()
11 SYSTEMPATH\CodeIgniter.php(502): CodeIgniter\CodeIgniter->runController(Object(App\Controllers\Admin))
12 SYSTEMPATH\CodeIgniter.php(361): CodeIgniter\CodeIgniter->handleRequest(null, Object(Config\Cache), false)
13 FCPATH\index.php(79): CodeIgniter\CodeIgniter->run()
INFO - 2023-12-30 06:23:03 --> Session: Class initialized using 'CodeIgniter\Session\Handlers\FileHandler' driver.
INFO - 2023-12-30 06:23:31 --> Session: Class initialized using 'CodeIgniter\Session\Handlers\FileHandler' driver.
INFO - 2023-12-30 06:28:21 --> Session: Class initialized using 'CodeIgniter\Session\Handlers\FileHandler' driver.
INFO - 2023-12-30 06:31:47 --> Session: Class initialized using 'CodeIgniter\Session\Handlers\FileHandler' driver.
INFO - 2023-12-30 06:31:47 --> Session: Class initialized using 'CodeIgniter\Session\Handlers\FileHandler' driver.
INFO - 2023-12-30 06:31:53 --> Session: Class initialized using 'CodeIgniter\Session\Handlers\FileHandler' driver.
INFO - 2023-12-30 06:32:15 --> Session: Class initialized using 'CodeIgniter\Session\Handlers\FileHandler' driver.
INFO - 2023-12-30 06:32:15 --> Session: Class initialized using 'CodeIgniter\Session\Handlers\FileHandler' driver.
INFO - 2023-12-30 06:32:20 --> Session: Class initialized using 'CodeIgniter\Session\Handlers\FileHandler' driver.
CRITICAL - 2023-12-30 06:32:21 --> Trying to access array offset on value of type null
in APPPATH\Views\v_template_admin.php on line 83.
 1 APPPATH\Views\v_template_admin.php(83): CodeIgniter\Debug\Exceptions->errorHandler(8, 'Trying to access array offset on value of type null', 'C:\\wamp64\\www\\si-perpustakaan-ci4\\app\\Views\\v_template_admin.php', 83, [...])
 2 SYSTEMPATH\View\View.php(228): include('C:\\wamp64\\www\\si-perpustakaan-ci4\\app\\Views\\v_template_admin.php')
 3 SYSTEMPATH\View\View.php(231): CodeIgniter\View\View->CodeIgniter\View\{closure}()
 4 SYSTEMPATH\Common.php(1190): CodeIgniter\View\View->render('v_template_admin', [], true)
 5 APPPATH\Controllers\Anggota.php(28): view('v_template_admin', [...])
 6 SYSTEMPATH\CodeIgniter.php(942): App\Controllers\Anggota->index()
 7 SYSTEMPATH\CodeIgniter.php(502): CodeIgniter\CodeIgniter->runController(Object(App\Controllers\Anggota))
 8 SYSTEMPATH\CodeIgniter.php(361): CodeIgniter\CodeIgniter->handleRequest(null, Object(Config\Cache), false)
 9 FCPATH\index.php(79): CodeIgniter\CodeIgniter->run()
INFO - 2023-12-30 06:32:26 --> Session: Class initialized using 'CodeIgniter\Session\Handlers\FileHandler' driver.
INFO - 2023-12-30 06:32:30 --> Session: Class initialized using 'CodeIgniter\Session\Handlers\FileHandler' driver.
INFO - 2023-12-30 06:58:30 --> Session: Class initialized using 'CodeIgniter\Session\Handlers\FileHandler' driver.
INFO - 2023-12-30 06:58:34 --> Session: Class initialized using 'CodeIgniter\Session\Handlers\FileHandler' driver.
CRITICAL - 2023-12-30 06:58:34 --> Trying to access array offset on value of type null
in APPPATH\Views\v_template_admin.php on line 83.
 1 APPPATH\Views\v_template_admin.php(83): CodeIgniter\Debug\Exceptions->errorHandler(8, 'Trying to access array offset on value of type null', 'C:\\wamp64\\www\\si-perpustakaan-ci4\\app\\Views\\v_template_admin.php', 83, [...])
 2 SYSTEMPATH\View\View.php(228): include('C:\\wamp64\\www\\si-perpustakaan-ci4\\app\\Views\\v_template_admin.php')
 3 SYSTEMPATH\View\View.php(231): CodeIgniter\View\View->CodeIgniter\View\{closure}()
 4 SYSTEMPATH\Common.php(1190): CodeIgniter\View\View->render('v_template_admin', [], true)
 5 APPPATH\Controllers\Anggota.php(28): view('v_template_admin', [...])
 6 SYSTEMPATH\CodeIgniter.php(942): App\Controllers\Anggota->index()
 7 SYSTEMPATH\CodeIgniter.php(502): CodeIgniter\CodeIgniter->runController(Object(App\Controllers\Anggota))
 8 SYSTEMPATH\CodeIgniter.php(361): CodeIgniter\CodeIgniter->handleRequest(null, Object(Config\Cache), false)
 9 FCPATH\index.php(79): CodeIgniter\CodeIgniter->run()
INFO - 2023-12-30 06:58:38 --> Session: Class initialized using 'CodeIgniter\Session\Handlers\FileHandler' driver.
INFO - 2023-12-30 07:02:15 --> Session: Class initialized using 'CodeIgniter\Session\Handlers\FileHandler' driver.
INFO - 2023-12-30 07:02:17 --> Session: Class initialized using 'CodeIgniter\Session\Handlers\FileHandler' driver.
CRITICAL - 2023-12-30 07:02:17 --> Undefined variable: pengajuanbuku
in APPPATH\Views\peminjaman\v_diterima.php on line 142.
 1 APPPATH\Views\peminjaman\v_diterima.php(142): CodeIgniter\Debug\Exceptions->errorHandler(8, 'Undefined variable: pengajuanbuku', 'C:\\wamp64\\www\\si-perpustakaan-ci4\\app\\Views\\peminjaman\\v_diterima.php', 142, [...])
 2 SYSTEMPATH\View\View.php(228): include('C:\\wamp64\\www\\si-perpustakaan-ci4\\app\\Views\\peminjaman\\v_diterima.php')
 3 SYSTEMPATH\View\View.php(231): CodeIgniter\View\View->CodeIgniter\View\{closure}()
 4 SYSTEMPATH\Common.php(1190): CodeIgniter\View\View->render('peminjaman/v_diterima', [], true)
 5 APPPATH\Views\v_template_anggota.php(196): view('peminjaman/v_diterima')
 6 SYSTEMPATH\View\View.php(228): include('C:\\wamp64\\www\\si-perpustakaan-ci4\\app\\Views\\v_template_anggota.php')
 7 SYSTEMPATH\View\View.php(231): CodeIgniter\View\View->CodeIgniter\View\{closure}()
 8 SYSTEMPATH\Common.php(1190): CodeIgniter\View\View->render('v_template_anggota', [], true)
 9 APPPATH\Controllers\Peminjaman.php(104): view('v_template_anggota', [...])
10 SYSTEMPATH\CodeIgniter.php(942): App\Controllers\Peminjaman->PengajuanDiterima()
11 SYSTEMPATH\CodeIgniter.php(502): CodeIgniter\CodeIgniter->runController(Object(App\Controllers\Peminjaman))
12 SYSTEMPATH\CodeIgniter.php(361): CodeIgniter\CodeIgniter->handleRequest(null, Object(Config\Cache), false)
13 FCPATH\index.php(79): CodeIgniter\CodeIgniter->run()
INFO - 2023-12-30 07:02:51 --> Session: Class initialized using 'CodeIgniter\Session\Handlers\FileHandler' driver.
INFO - 2023-12-30 07:07:34 --> Session: Class initialized using 'CodeIgniter\Session\Handlers\FileHandler' driver.
INFO - 2023-12-30 07:08:01 --> Session: Class initialized using 'CodeIgniter\Session\Handlers\FileHandler' driver.
INFO - 2023-12-30 07:09:03 --> Session: Class initialized using 'CodeIgniter\Session\Handlers\FileHandler' driver.
INFO - 2023-12-30 07:11:31 --> Session: Class initialized using 'CodeIgniter\Session\Handlers\FileHandler' driver.
INFO - 2023-12-30 07:15:11 --> Session: Class initialized using 'CodeIgniter\Session\Handlers\FileHandler' driver.
INFO - 2023-12-30 07:15:21 --> Session: Class initialized using 'CodeIgniter\Session\Handlers\FileHandler' driver.
INFO - 2023-12-30 07:15:24 --> Session: Class initialized using 'CodeIgniter\Session\Handlers\FileHandler' driver.
CRITICAL - 2023-12-30 07:15:24 --> Undefined variable: pengajuanbuku
in APPPATH\Views\peminjaman\v_ditolak.php on line 142.
 1 APPPATH\Views\peminjaman\v_ditolak.php(142): CodeIgniter\Debug\Exceptions->errorHandler(8, 'Undefined variable: pengajuanbuku', 'C:\\wamp64\\www\\si-perpustakaan-ci4\\app\\Views\\peminjaman\\v_ditolak.php', 142, [...])
 2 SYSTEMPATH\View\View.php(228): include('C:\\wamp64\\www\\si-perpustakaan-ci4\\app\\Views\\peminjaman\\v_ditolak.php')
 3 SYSTEMPATH\View\View.php(231): CodeIgniter\View\View->CodeIgniter\View\{closure}()
 4 SYSTEMPATH\Common.php(1190): CodeIgniter\View\View->render('peminjaman/v_ditolak', [], true)
 5 APPPATH\Views\v_template_anggota.php(196): view('peminjaman/v_ditolak')
 6 SYSTEMPATH\View\View.php(228): include('C:\\wamp64\\www\\si-perpustakaan-ci4\\app\\Views\\v_template_anggota.php')
 7 SYSTEMPATH\View\View.php(231): CodeIgniter\View\View->CodeIgniter\View\{closure}()
 8 SYSTEMPATH\Common.php(1190): CodeIgniter\View\View->render('v_template_anggota', [], true)
 9 APPPATH\Controllers\Peminjaman.php(118): view('v_template_anggota', [...])
10 SYSTEMPATH\CodeIgniter.php(942): App\Controllers\Peminjaman->PengajuanDitolak()
11 SYSTEMPATH\CodeIgniter.php(502): CodeIgniter\CodeIgniter->runController(Object(App\Controllers\Peminjaman))
12 SYSTEMPATH\CodeIgniter.php(361): CodeIgniter\CodeIgniter->handleRequest(null, Object(Config\Cache), false)
13 FCPATH\index.php(79): CodeIgniter\CodeIgniter->run()
INFO - 2023-12-30 07:16:34 --> Session: Class initialized using 'CodeIgniter\Session\Handlers\FileHandler' driver.
INFO - 2023-12-30 07:19:57 --> Session: Class initialized using 'CodeIgniter\Session\Handlers\FileHandler' driver.
