INFO - 2023-12-24 02:45:17 --> Session: Class initialized using 'CodeIgniter\Session\Handlers\FileHandler' driver.
INFO - 2023-12-24 02:45:19 --> Session: Class initialized using 'CodeIgniter\Session\Handlers\FileHandler' driver.
INFO - 2023-12-24 02:45:19 --> Session: Class initialized using 'CodeIgniter\Session\Handlers\FileHandler' driver.
INFO - 2023-12-24 02:45:23 --> Session: Class initialized using 'CodeIgniter\Session\Handlers\FileHandler' driver.
INFO - 2023-12-24 02:45:29 --> Session: Class initialized using 'CodeIgniter\Session\Handlers\FileHandler' driver.
INFO - 2023-12-24 02:45:29 --> Session: Class initialized using 'CodeIgniter\Session\Handlers\FileHandler' driver.
CRITICAL - 2023-12-24 03:24:13 --> Undefined index: kode_buku
in APPPATH\Views\v_gallery_ebook.php on line 22.
 1 APPPATH\Views\v_gallery_ebook.php(22): CodeIgniter\Debug\Exceptions->errorHandler(8, 'Undefined index: kode_buku', 'C:\\wamp64\\www\\si-perpustakaan-ci4\\app\\Views\\v_gallery_ebook.php', 22, [...])
 2 SYSTEMPATH\View\View.php(228): include('C:\\wamp64\\www\\si-perpustakaan-ci4\\app\\Views\\v_gallery_ebook.php')
 3 SYSTEMPATH\View\View.php(231): CodeIgniter\View\View->CodeIgniter\View\{closure}()
 4 SYSTEMPATH\Common.php(1190): CodeIgniter\View\View->render('v_gallery_ebook', [], true)
 5 APPPATH\Views\v_template.php(121): view('v_gallery_ebook')
 6 SYSTEMPATH\View\View.php(228): include('C:\\wamp64\\www\\si-perpustakaan-ci4\\app\\Views\\v_template.php')
 7 SYSTEMPATH\View\View.php(231): CodeIgniter\View\View->CodeIgniter\View\{closure}()
 8 SYSTEMPATH\Common.php(1190): CodeIgniter\View\View->render('v_template', [], true)
 9 APPPATH\Controllers\Home.php(66): view('v_template', [...])
10 SYSTEMPATH\CodeIgniter.php(942): App\Controllers\Home->GalleryEbook()
11 SYSTEMPATH\CodeIgniter.php(502): CodeIgniter\CodeIgniter->runController(Object(App\Controllers\Home))
12 SYSTEMPATH\CodeIgniter.php(361): CodeIgniter\CodeIgniter->handleRequest(null, Object(Config\Cache), false)
13 FCPATH\index.php(79): CodeIgniter\CodeIgniter->run()
CRITICAL - 2023-12-24 03:24:39 --> Undefined index: kode_buku
in APPPATH\Views\v_gallery_ebook.php on line 22.
 1 APPPATH\Views\v_gallery_ebook.php(22): CodeIgniter\Debug\Exceptions->errorHandler(8, 'Undefined index: kode_buku', 'C:\\wamp64\\www\\si-perpustakaan-ci4\\app\\Views\\v_gallery_ebook.php', 22, [...])
 2 SYSTEMPATH\View\View.php(228): include('C:\\wamp64\\www\\si-perpustakaan-ci4\\app\\Views\\v_gallery_ebook.php')
 3 SYSTEMPATH\View\View.php(231): CodeIgniter\View\View->CodeIgniter\View\{closure}()
 4 SYSTEMPATH\Common.php(1190): CodeIgniter\View\View->render('v_gallery_ebook', [], true)
 5 APPPATH\Views\v_template.php(121): view('v_gallery_ebook')
 6 SYSTEMPATH\View\View.php(228): include('C:\\wamp64\\www\\si-perpustakaan-ci4\\app\\Views\\v_template.php')
 7 SYSTEMPATH\View\View.php(231): CodeIgniter\View\View->CodeIgniter\View\{closure}()
 8 SYSTEMPATH\Common.php(1190): CodeIgniter\View\View->render('v_template', [], true)
 9 APPPATH\Controllers\Home.php(66): view('v_template', [...])
10 SYSTEMPATH\CodeIgniter.php(942): App\Controllers\Home->GalleryEbook()
11 SYSTEMPATH\CodeIgniter.php(502): CodeIgniter\CodeIgniter->runController(Object(App\Controllers\Home))
12 SYSTEMPATH\CodeIgniter.php(361): CodeIgniter\CodeIgniter->handleRequest(null, Object(Config\Cache), false)
13 FCPATH\index.php(79): CodeIgniter\CodeIgniter->run()
CRITICAL - 2023-12-24 03:24:41 --> Undefined index: kode_buku
in APPPATH\Views\v_gallery_ebook.php on line 22.
 1 APPPATH\Views\v_gallery_ebook.php(22): CodeIgniter\Debug\Exceptions->errorHandler(8, 'Undefined index: kode_buku', 'C:\\wamp64\\www\\si-perpustakaan-ci4\\app\\Views\\v_gallery_ebook.php', 22, [...])
 2 SYSTEMPATH\View\View.php(228): include('C:\\wamp64\\www\\si-perpustakaan-ci4\\app\\Views\\v_gallery_ebook.php')
 3 SYSTEMPATH\View\View.php(231): CodeIgniter\View\View->CodeIgniter\View\{closure}()
 4 SYSTEMPATH\Common.php(1190): CodeIgniter\View\View->render('v_gallery_ebook', [], true)
 5 APPPATH\Views\v_template.php(121): view('v_gallery_ebook')
 6 SYSTEMPATH\View\View.php(228): include('C:\\wamp64\\www\\si-perpustakaan-ci4\\app\\Views\\v_template.php')
 7 SYSTEMPATH\View\View.php(231): CodeIgniter\View\View->CodeIgniter\View\{closure}()
 8 SYSTEMPATH\Common.php(1190): CodeIgniter\View\View->render('v_template', [], true)
 9 APPPATH\Controllers\Home.php(66): view('v_template', [...])
10 SYSTEMPATH\CodeIgniter.php(942): App\Controllers\Home->GalleryEbook()
11 SYSTEMPATH\CodeIgniter.php(502): CodeIgniter\CodeIgniter->runController(Object(App\Controllers\Home))
12 SYSTEMPATH\CodeIgniter.php(361): CodeIgniter\CodeIgniter->handleRequest(null, Object(Config\Cache), false)
13 FCPATH\index.php(79): CodeIgniter\CodeIgniter->run()
CRITICAL - 2023-12-24 03:25:02 --> Undefined index: kode_buku
in APPPATH\Views\v_gallery_ebook.php on line 22.
 1 APPPATH\Views\v_gallery_ebook.php(22): CodeIgniter\Debug\Exceptions->errorHandler(8, 'Undefined index: kode_buku', 'C:\\wamp64\\www\\si-perpustakaan-ci4\\app\\Views\\v_gallery_ebook.php', 22, [...])
 2 SYSTEMPATH\View\View.php(228): include('C:\\wamp64\\www\\si-perpustakaan-ci4\\app\\Views\\v_gallery_ebook.php')
 3 SYSTEMPATH\View\View.php(231): CodeIgniter\View\View->CodeIgniter\View\{closure}()
 4 SYSTEMPATH\Common.php(1190): CodeIgniter\View\View->render('v_gallery_ebook', [], true)
 5 APPPATH\Views\v_template.php(121): view('v_gallery_ebook')
 6 SYSTEMPATH\View\View.php(228): include('C:\\wamp64\\www\\si-perpustakaan-ci4\\app\\Views\\v_template.php')
 7 SYSTEMPATH\View\View.php(231): CodeIgniter\View\View->CodeIgniter\View\{closure}()
 8 SYSTEMPATH\Common.php(1190): CodeIgniter\View\View->render('v_template', [], true)
 9 APPPATH\Controllers\Home.php(66): view('v_template', [...])
10 SYSTEMPATH\CodeIgniter.php(942): App\Controllers\Home->GalleryEbook()
11 SYSTEMPATH\CodeIgniter.php(502): CodeIgniter\CodeIgniter->runController(Object(App\Controllers\Home))
12 SYSTEMPATH\CodeIgniter.php(361): CodeIgniter\CodeIgniter->handleRequest(null, Object(Config\Cache), false)
13 FCPATH\index.php(79): CodeIgniter\CodeIgniter->run()
CRITICAL - 2023-12-24 03:25:36 --> Undefined index: judul_buku
in APPPATH\Views\v_gallery_ebook.php on line 25.
 1 APPPATH\Views\v_gallery_ebook.php(25): CodeIgniter\Debug\Exceptions->errorHandler(8, 'Undefined index: judul_buku', 'C:\\wamp64\\www\\si-perpustakaan-ci4\\app\\Views\\v_gallery_ebook.php', 25, [...])
 2 SYSTEMPATH\View\View.php(228): include('C:\\wamp64\\www\\si-perpustakaan-ci4\\app\\Views\\v_gallery_ebook.php')
 3 SYSTEMPATH\View\View.php(231): CodeIgniter\View\View->CodeIgniter\View\{closure}()
 4 SYSTEMPATH\Common.php(1190): CodeIgniter\View\View->render('v_gallery_ebook', [], true)
 5 APPPATH\Views\v_template.php(121): view('v_gallery_ebook')
 6 SYSTEMPATH\View\View.php(228): include('C:\\wamp64\\www\\si-perpustakaan-ci4\\app\\Views\\v_template.php')
 7 SYSTEMPATH\View\View.php(231): CodeIgniter\View\View->CodeIgniter\View\{closure}()
 8 SYSTEMPATH\Common.php(1190): CodeIgniter\View\View->render('v_template', [], true)
 9 APPPATH\Controllers\Home.php(66): view('v_template', [...])
10 SYSTEMPATH\CodeIgniter.php(942): App\Controllers\Home->GalleryEbook()
11 SYSTEMPATH\CodeIgniter.php(502): CodeIgniter\CodeIgniter->runController(Object(App\Controllers\Home))
12 SYSTEMPATH\CodeIgniter.php(361): CodeIgniter\CodeIgniter->handleRequest(null, Object(Config\Cache), false)
13 FCPATH\index.php(79): CodeIgniter\CodeIgniter->run()
INFO - 2023-12-24 11:33:43 --> Session: Class initialized using 'CodeIgniter\Session\Handlers\FileHandler' driver.
INFO - 2023-12-24 11:33:50 --> Session: Class initialized using 'CodeIgniter\Session\Handlers\FileHandler' driver.
INFO - 2023-12-24 11:33:50 --> Session: Class initialized using 'CodeIgniter\Session\Handlers\FileHandler' driver.
INFO - 2023-12-24 11:34:59 --> Session: Class initialized using 'CodeIgniter\Session\Handlers\FileHandler' driver.
INFO - 2023-12-24 11:35:03 --> Session: Class initialized using 'CodeIgniter\Session\Handlers\FileHandler' driver.
INFO - 2023-12-24 11:40:36 --> Session: Class initialized using 'CodeIgniter\Session\Handlers\FileHandler' driver.
INFO - 2023-12-24 11:45:29 --> Session: Class initialized using 'CodeIgniter\Session\Handlers\FileHandler' driver.
INFO - 2023-12-24 11:45:30 --> Session: Class initialized using 'CodeIgniter\Session\Handlers\FileHandler' driver.
CRITICAL - 2023-12-24 12:26:31 --> Invalid file: "v_detail_ebook.php"
in SYSTEMPATH\Exceptions\FrameworkException.php on line 39.
 1 SYSTEMPATH\View\View.php(216): CodeIgniter\Exceptions\FrameworkException::forInvalidFile('v_detail_ebook.php')
 2 SYSTEMPATH\Common.php(1190): CodeIgniter\View\View->render('v_detail_ebook', [], true)
 3 APPPATH\Views\v_template.php(121): view('v_detail_ebook')
 4 SYSTEMPATH\View\View.php(228): include('C:\\wamp64\\www\\si-perpustakaan-ci4\\app\\Views\\v_template.php')
 5 SYSTEMPATH\View\View.php(231): CodeIgniter\View\View->CodeIgniter\View\{closure}()
 6 SYSTEMPATH\Common.php(1190): CodeIgniter\View\View->render('v_template', [], true)
 7 APPPATH\Controllers\Home.php(85): view('v_template', [...])
 8 SYSTEMPATH\CodeIgniter.php(942): App\Controllers\Home->DetailEbook('1')
 9 SYSTEMPATH\CodeIgniter.php(502): CodeIgniter\CodeIgniter->runController(Object(App\Controllers\Home))
10 SYSTEMPATH\CodeIgniter.php(361): CodeIgniter\CodeIgniter->handleRequest(null, Object(Config\Cache), false)
11 FCPATH\index.php(79): CodeIgniter\CodeIgniter->run()
CRITICAL - 2023-12-24 12:28:10 --> Undefined variable: ebook
in APPPATH\Views\v_detail_ebook.php on line 10.
 1 APPPATH\Views\v_detail_ebook.php(10): CodeIgniter\Debug\Exceptions->errorHandler(8, 'Undefined variable: ebook', 'C:\\wamp64\\www\\si-perpustakaan-ci4\\app\\Views\\v_detail_ebook.php', 10, [...])
 2 SYSTEMPATH\View\View.php(228): include('C:\\wamp64\\www\\si-perpustakaan-ci4\\app\\Views\\v_detail_ebook.php')
 3 SYSTEMPATH\View\View.php(231): CodeIgniter\View\View->CodeIgniter\View\{closure}()
 4 SYSTEMPATH\Common.php(1190): CodeIgniter\View\View->render('v_detail_ebook', [], true)
 5 APPPATH\Views\v_template.php(121): view('v_detail_ebook')
 6 SYSTEMPATH\View\View.php(228): include('C:\\wamp64\\www\\si-perpustakaan-ci4\\app\\Views\\v_template.php')
 7 SYSTEMPATH\View\View.php(231): CodeIgniter\View\View->CodeIgniter\View\{closure}()
 8 SYSTEMPATH\Common.php(1190): CodeIgniter\View\View->render('v_template', [], true)
 9 APPPATH\Controllers\Home.php(85): view('v_template', [...])
10 SYSTEMPATH\CodeIgniter.php(942): App\Controllers\Home->DetailEbook('1')
11 SYSTEMPATH\CodeIgniter.php(502): CodeIgniter\CodeIgniter->runController(Object(App\Controllers\Home))
12 SYSTEMPATH\CodeIgniter.php(361): CodeIgniter\CodeIgniter->handleRequest(null, Object(Config\Cache), false)
13 FCPATH\index.php(79): CodeIgniter\CodeIgniter->run()
CRITICAL - 2023-12-24 12:29:26 --> Undefined variable: ebook
in APPPATH\Views\v_detail_ebook.php on line 10.
 1 APPPATH\Views\v_detail_ebook.php(10): CodeIgniter\Debug\Exceptions->errorHandler(8, 'Undefined variable: ebook', 'C:\\wamp64\\www\\si-perpustakaan-ci4\\app\\Views\\v_detail_ebook.php', 10, [...])
 2 SYSTEMPATH\View\View.php(228): include('C:\\wamp64\\www\\si-perpustakaan-ci4\\app\\Views\\v_detail_ebook.php')
 3 SYSTEMPATH\View\View.php(231): CodeIgniter\View\View->CodeIgniter\View\{closure}()
 4 SYSTEMPATH\Common.php(1190): CodeIgniter\View\View->render('v_detail_ebook', [], true)
 5 APPPATH\Views\v_template.php(121): view('v_detail_ebook')
 6 SYSTEMPATH\View\View.php(228): include('C:\\wamp64\\www\\si-perpustakaan-ci4\\app\\Views\\v_template.php')
 7 SYSTEMPATH\View\View.php(231): CodeIgniter\View\View->CodeIgniter\View\{closure}()
 8 SYSTEMPATH\Common.php(1190): CodeIgniter\View\View->render('v_template', [], true)
 9 APPPATH\Controllers\Home.php(85): view('v_template', [...])
10 SYSTEMPATH\CodeIgniter.php(942): App\Controllers\Home->DetailEbook('1')
11 SYSTEMPATH\CodeIgniter.php(502): CodeIgniter\CodeIgniter->runController(Object(App\Controllers\Home))
12 SYSTEMPATH\CodeIgniter.php(361): CodeIgniter\CodeIgniter->handleRequest(null, Object(Config\Cache), false)
13 FCPATH\index.php(79): CodeIgniter\CodeIgniter->run()
CRITICAL - 2023-12-24 12:31:40 --> Undefined variable: ebook
in APPPATH\Views\v_detail_ebook.php on line 10.
 1 APPPATH\Views\v_detail_ebook.php(10): CodeIgniter\Debug\Exceptions->errorHandler(8, 'Undefined variable: ebook', 'C:\\wamp64\\www\\si-perpustakaan-ci4\\app\\Views\\v_detail_ebook.php', 10, [...])
 2 SYSTEMPATH\View\View.php(228): include('C:\\wamp64\\www\\si-perpustakaan-ci4\\app\\Views\\v_detail_ebook.php')
 3 SYSTEMPATH\View\View.php(231): CodeIgniter\View\View->CodeIgniter\View\{closure}()
 4 SYSTEMPATH\Common.php(1190): CodeIgniter\View\View->render('v_detail_ebook', [], true)
 5 APPPATH\Views\v_template.php(121): view('v_detail_ebook')
 6 SYSTEMPATH\View\View.php(228): include('C:\\wamp64\\www\\si-perpustakaan-ci4\\app\\Views\\v_template.php')
 7 SYSTEMPATH\View\View.php(231): CodeIgniter\View\View->CodeIgniter\View\{closure}()
 8 SYSTEMPATH\Common.php(1190): CodeIgniter\View\View->render('v_template', [], true)
 9 APPPATH\Controllers\Home.php(85): view('v_template', [...])
10 SYSTEMPATH\CodeIgniter.php(942): App\Controllers\Home->DetailEbook('1')
11 SYSTEMPATH\CodeIgniter.php(502): CodeIgniter\CodeIgniter->runController(Object(App\Controllers\Home))
12 SYSTEMPATH\CodeIgniter.php(361): CodeIgniter\CodeIgniter->handleRequest(null, Object(Config\Cache), false)
13 FCPATH\index.php(79): CodeIgniter\CodeIgniter->run()
CRITICAL - 2023-12-24 12:36:30 --> Undefined variable: ebook
in APPPATH\Views\v_detail_ebook.php on line 10.
 1 APPPATH\Views\v_detail_ebook.php(10): CodeIgniter\Debug\Exceptions->errorHandler(8, 'Undefined variable: ebook', 'C:\\wamp64\\www\\si-perpustakaan-ci4\\app\\Views\\v_detail_ebook.php', 10, [...])
 2 SYSTEMPATH\View\View.php(228): include('C:\\wamp64\\www\\si-perpustakaan-ci4\\app\\Views\\v_detail_ebook.php')
 3 SYSTEMPATH\View\View.php(231): CodeIgniter\View\View->CodeIgniter\View\{closure}()
 4 SYSTEMPATH\Common.php(1190): CodeIgniter\View\View->render('v_detail_ebook', [], true)
 5 APPPATH\Views\v_template.php(121): view('v_detail_ebook')
 6 SYSTEMPATH\View\View.php(228): include('C:\\wamp64\\www\\si-perpustakaan-ci4\\app\\Views\\v_template.php')
 7 SYSTEMPATH\View\View.php(231): CodeIgniter\View\View->CodeIgniter\View\{closure}()
 8 SYSTEMPATH\Common.php(1190): CodeIgniter\View\View->render('v_template', [], true)
 9 APPPATH\Controllers\Home.php(85): view('v_template', [...])
10 SYSTEMPATH\CodeIgniter.php(942): App\Controllers\Home->DetailEbook('1')
11 SYSTEMPATH\CodeIgniter.php(502): CodeIgniter\CodeIgniter->runController(Object(App\Controllers\Home))
12 SYSTEMPATH\CodeIgniter.php(361): CodeIgniter\CodeIgniter->handleRequest(null, Object(Config\Cache), false)
13 FCPATH\index.php(79): CodeIgniter\CodeIgniter->run()
